<?xml version="1.0" encoding="UTF-8"?>
<!-- Generated by org.testng.reporters.JUnitXMLReporter -->
<testsuite ignored="0" hostname="FFE-Kishor-Kulkarni" failures="0" tests="3" name="Test" time="0.061" errors="0" timestamp="2025-11-06T14:32:17 IST">
  <testcase classname="com.ninza.crm.campaigns.DemoTest2" name="hiGitHub" time="0.01"/>
  <testcase classname="com.ninza.crm.campaigns.DemoTest1" name="hiMavenTest" time="0.001"/>
  <testcase classname="com.ninza.crm.campaigns.DemoTest3" name="hiJenkins" time="0.001"/>
</testsuite> <!-- Test -->
