<?xml version="1.0" encoding="UTF-8"?>
<!-- Generated by org.testng.reporters.JUnitXMLReporter -->
<testsuite ignored="0" hostname="FFE-Kishor-Kulkarni" failures="0" tests="3" name="Test" time="0.168" errors="0" timestamp="2025-11-06T11:21:48 IST">
  <testcase classname="com.ninza.crm.campaigns.Demo3" name="hiJenkins" time="0.031"/>
  <testcase classname="com.ninza.crm.campaigns.Demo2" name="hiGitHub" time="0.002"/>
  <testcase classname="com.ninza.crm.campaigns.Demo1" name="hiMavenTest" time="0.004"/>
</testsuite> <!-- Test -->
