<?xml version="1.0" encoding="UTF-8"?>
<testng-results ignored="0" total="3" passed="3" failed="0" skipped="0">
  <reporter-output>
  </reporter-output>
  <suite started-at="2025-11-06T14:32:17 IST" name="Suite" finished-at="2025-11-06T14:32:17 IST" duration-ms="61">
    <groups>
    </groups>
    <test started-at="2025-11-06T14:32:17 IST" name="Test" finished-at="2025-11-06T14:32:17 IST" duration-ms="61">
      <class name="com.ninza.crm.campaigns.DemoTest3">
        <test-method signature="hiJenkins()[pri:0, instance:com.ninza.crm.campaigns.DemoTest3@36fc695d]" started-at="2025-11-06T14:32:17 IST" name="hiJenkins" finished-at="2025-11-06T14:32:17 IST" duration-ms="1" status="PASS">
          <reporter-output>
          </reporter-output>
        </test-method> <!-- hiJenkins -->
      </class> <!-- com.ninza.crm.campaigns.DemoTest3 -->
      <class name="com.ninza.crm.campaigns.DemoTest2">
        <test-method signature="hiGitHub()[pri:0, instance:com.ninza.crm.campaigns.DemoTest2@618b19ad]" started-at="2025-11-06T14:32:17 IST" name="hiGitHub" finished-at="2025-11-06T14:32:17 IST" duration-ms="10" status="PASS">
          <reporter-output>
          </reporter-output>
        </test-method> <!-- hiGitHub -->
      </class> <!-- com.ninza.crm.campaigns.DemoTest2 -->
      <class name="com.ninza.crm.campaigns.DemoTest1">
        <test-method signature="hiMavenTest()[pri:0, instance:com.ninza.crm.campaigns.DemoTest1@2b71e916]" started-at="2025-11-06T14:32:17 IST" name="hiMavenTest" finished-at="2025-11-06T14:32:17 IST" duration-ms="1" status="PASS">
          <reporter-output>
          </reporter-output>
        </test-method> <!-- hiMavenTest -->
      </class> <!-- com.ninza.crm.campaigns.DemoTest1 -->
    </test> <!-- Test -->
  </suite> <!-- Suite -->
</testng-results>
