<?xml version="1.0" encoding="UTF-8"?>
<testng-results ignored="0" total="3" passed="3" failed="0" skipped="0">
  <reporter-output>
  </reporter-output>
  <suite started-at="2025-11-06T11:21:48 IST" name="Suite" finished-at="2025-11-06T11:21:48 IST" duration-ms="168">
    <groups>
    </groups>
    <test started-at="2025-11-06T11:21:48 IST" name="Test" finished-at="2025-11-06T11:21:48 IST" duration-ms="168">
      <class name="com.ninza.crm.campaigns.Demo3">
        <test-method signature="hiJenkins()[pri:0, instance:com.ninza.crm.campaigns.Demo3@397fbdb]" started-at="2025-11-06T11:21:48 IST" name="hiJenkins" finished-at="2025-11-06T11:21:48 IST" duration-ms="31" status="PASS">
          <reporter-output>
          </reporter-output>
        </test-method> <!-- hiJenkins -->
      </class> <!-- com.ninza.crm.campaigns.Demo3 -->
      <class name="com.ninza.crm.campaigns.Demo2">
        <test-method signature="hiGitHub()[pri:0, instance:com.ninza.crm.campaigns.Demo2@618b19ad]" started-at="2025-11-06T11:21:48 IST" name="hiGitHub" finished-at="2025-11-06T11:21:48 IST" duration-ms="2" status="PASS">
          <reporter-output>
          </reporter-output>
        </test-method> <!-- hiGitHub -->
      </class> <!-- com.ninza.crm.campaigns.Demo2 -->
      <class name="com.ninza.crm.campaigns.Demo1">
        <test-method signature="hiMavenTest()[pri:0, instance:com.ninza.crm.campaigns.Demo1@2d3379b4]" started-at="2025-11-06T11:21:48 IST" name="hiMavenTest" finished-at="2025-11-06T11:21:48 IST" duration-ms="4" status="PASS">
          <reporter-output>
          </reporter-output>
        </test-method> <!-- hiMavenTest -->
      </class> <!-- com.ninza.crm.campaigns.Demo1 -->
    </test> <!-- Test -->
  </suite> <!-- Suite -->
</testng-results>
